<?xml version="1.0" encoding="UTF-8"?>
<testng-results ignored="0" total="0" passed="0" failed="0" skipped="0">
  <reporter-output>
  </reporter-output>
  <suite started-at="2025-02-27T13:42:47 ICT" name="com.autotest.AppTest" finished-at="2025-02-27T13:42:47 ICT" duration-ms="17">
    <groups>
    </groups>
    <test started-at="2025-02-27T13:42:47 ICT" name="Command line test" finished-at="2025-02-27T13:42:47 ICT" duration-ms="17">
    </test> <!-- Command line test -->
  </suite> <!-- com.autotest.AppTest -->
</testng-results>
